TN:
SF:lib/spa.cjs
FN:66,SpaData
FN:156,copySPA
FN:527,deg2rad
FN:531,rad2deg
FN:535,limit_degrees
FN:544,third_order_polynomial
FN:548,geocentric_right_ascension
FN:555,geocentric_declination
FN:562,observer_hour_angle
FN:566,right_ascension_parallax_and_topocentric_dec
FN:580,topocentric_right_ascension
FN:584,topocentric_local_hour_angle
FN:588,topocentric_elevation_angle
FN:595,atmospheric_refraction_correction
FN:603,topocentric_elevation_angle_corrected
FN:607,topocentric_zenith_angle
FN:611,topocentric_azimuth_angle_astro
FN:617,topocentric_azimuth_angle
FN:622,integer
FN:626,validate_inputs
FN:664,julian_day
FN:680,julian_century
FN:683,mean_elongation_moon_sun
FN:686,julian_ephemeris_day
FN:689,julian_ephemeris_century
FN:692,julian_ephemeris_millennium
FN:695,earth_periodic_term_summation
FN:703,earth_values
FN:710,earth_heliocentric_longitude
FN:716,earth_heliocentric_latitude
FN:722,earth_radius_vector
FN:728,geocentric_longitude
FN:734,geocentric_latitude
FN:737,mean_anomaly_sun
FN:740,mean_anomaly_moon
FN:743,argument_latitude_moon
FN:746,ascending_longitude_moon
FN:749,xy_term_summation
FN:755,nutation_longitude_and_obliquity
FN:767,ecliptic_mean_obliquity
FN:772,ecliptic_true_obliquity
FN:775,aberration_correction
FN:778,apparent_sun_longitude
FN:781,greenwich_mean_sidereal_time
FN:785,greenwich_sidereal_time
FN:788,sun_equatorial_horizontal_parallax
FN:791,surface_incidence_angle
FN:797,sun_mean_longitude
FN:801,limit_minutes
FN:809,eot
FN:812,approx_sun_transit_time
FN:815,sun_hour_angle_at_rise_set
FN:825,limit_zero2one
FN:831,approx_sun_rise_and_set
FN:837,rts_alpha_delta_prime
FN:846,limit_degrees180pm
FN:856,limit_degrees180
FN:864,rts_sun_altitude
FN:870,sun_rise_and_set
FN:874,dayfrac_to_local_hr
FN:880,calculate_eot_and_sun_rise_transit_set
FN:936,calculate_geocentric_sun_right_ascension_and_declination
FN:963,spa_calculate
FNF:63
FNH:62
FNDA:19,SpaData
FNDA:1088,copySPA
FNDA:6591,deg2rad
FNDA:488,rad2deg
FNDA:335,limit_degrees
FNDA:435,third_order_polynomial
FNDA:87,geocentric_right_ascension
FNDA:87,geocentric_declination
FNDA:19,observer_hour_angle
FNDA:19,right_ascension_parallax_and_topocentric_dec
FNDA:19,topocentric_right_ascension
FNDA:19,topocentric_local_hour_angle
FNDA:19,topocentric_elevation_angle
FNDA:19,atmospheric_refraction_correction
FNDA:19,topocentric_elevation_angle_corrected
FNDA:19,topocentric_zenith_angle
FNDA:19,topocentric_azimuth_angle_astro
FNDA:19,topocentric_azimuth_angle
FNDA:144,integer
FNDA:19,validate_inputs
FNDA:36,julian_day
FNDA:87,julian_century
FNDA:87,mean_elongation_moon_sun
FNDA:87,julian_ephemeris_day
FNDA:87,julian_ephemeris_century
FNDA:87,julian_ephemeris_millennium
FNDA:1131,earth_periodic_term_summation
FNDA:261,earth_values
FNDA:87,earth_heliocentric_longitude
FNDA:87,earth_heliocentric_latitude
FNDA:87,earth_radius_vector
FNDA:87,geocentric_longitude
FNDA:87,geocentric_latitude
FNDA:87,mean_anomaly_sun
FNDA:87,mean_anomaly_moon
FNDA:87,argument_latitude_moon
FNDA:87,ascending_longitude_moon
FNDA:5481,xy_term_summation
FNDA:87,nutation_longitude_and_obliquity
FNDA:87,ecliptic_mean_obliquity
FNDA:87,ecliptic_true_obliquity
FNDA:87,aberration_correction
FNDA:87,apparent_sun_longitude
FNDA:87,greenwich_mean_sidereal_time
FNDA:87,greenwich_sidereal_time
FNDA:19,sun_equatorial_horizontal_parallax
FNDA:0,surface_incidence_angle
FNDA:17,sun_mean_longitude
FNDA:17,limit_minutes
FNDA:17,eot
FNDA:17,approx_sun_transit_time
FNDA:17,sun_hour_angle_at_rise_set
FNDA:99,limit_zero2one
FNDA:16,approx_sun_rise_and_set
FNDA:96,rts_alpha_delta_prime
FNDA:48,limit_degrees180pm
FNDA:16,limit_degrees180
FNDA:48,rts_sun_altitude
FNDA:32,sun_rise_and_set
FNDA:48,dayfrac_to_local_hr
FNDA:17,calculate_eot_and_sun_rise_transit_set
FNDA:87,calculate_geocentric_sun_right_ascension_and_declination
FNDA:19,spa_calculate
DA:1,1
DA:2,1
DA:3,1
DA:4,1
DA:5,1
DA:6,1
DA:7,1
DA:8,1
DA:9,1
DA:10,1
DA:11,1
DA:12,1
DA:13,1
DA:14,1
DA:15,1
DA:16,1
DA:17,1
DA:18,1
DA:19,1
DA:20,1
DA:21,1
DA:22,1
DA:23,1
DA:24,1
DA:25,1
DA:26,1
DA:27,1
DA:28,1
DA:29,1
DA:30,1
DA:31,1
DA:32,1
DA:33,1
DA:34,1
DA:35,1
DA:36,1
DA:37,1
DA:38,1
DA:39,1
DA:40,1
DA:41,1
DA:42,1
DA:43,1
DA:44,1
DA:45,1
DA:46,1
DA:47,1
DA:48,1
DA:49,1
DA:50,1
DA:51,1
DA:52,1
DA:53,1
DA:54,1
DA:55,1
DA:56,1
DA:57,1
DA:58,1
DA:59,1
DA:60,1
DA:61,1
DA:62,1
DA:63,1
DA:64,1
DA:65,1
DA:66,1
DA:67,19
DA:68,19
DA:69,19
DA:70,19
DA:71,19
DA:72,19
DA:73,19
DA:74,19
DA:75,19
DA:76,19
DA:77,19
DA:78,19
DA:79,19
DA:80,19
DA:81,19
DA:82,19
DA:83,19
DA:84,19
DA:85,19
DA:86,19
DA:87,19
DA:88,19
DA:89,19
DA:90,19
DA:91,19
DA:92,19
DA:93,19
DA:94,19
DA:95,19
DA:96,19
DA:97,19
DA:98,19
DA:99,19
DA:100,19
DA:101,19
DA:102,19
DA:103,19
DA:104,19
DA:105,19
DA:106,19
DA:107,19
DA:108,19
DA:109,19
DA:110,19
DA:111,19
DA:112,19
DA:113,19
DA:114,19
DA:115,19
DA:116,19
DA:117,19
DA:118,19
DA:119,19
DA:120,19
DA:121,19
DA:122,19
DA:123,19
DA:124,19
DA:125,19
DA:126,19
DA:127,19
DA:128,19
DA:129,19
DA:130,19
DA:131,19
DA:132,19
DA:133,19
DA:134,19
DA:135,19
DA:136,19
DA:137,19
DA:138,19
DA:139,19
DA:140,19
DA:141,19
DA:142,19
DA:143,19
DA:144,19
DA:145,19
DA:146,19
DA:147,19
DA:148,19
DA:149,19
DA:150,19
DA:151,19
DA:152,19
DA:153,1
DA:154,1
DA:155,1
DA:156,1
DA:157,1088
DA:158,1088
DA:159,1088
DA:160,1088
DA:161,1071
DA:162,1071
DA:163,1071
DA:164,17
DA:165,1088
DA:166,1
DA:167,1
DA:168,1
DA:169,1
DA:170,1
DA:171,1
DA:172,1
DA:173,1
DA:174,1
DA:175,1
DA:176,1
DA:177,1
DA:178,1
DA:179,1
DA:180,1
DA:181,1
DA:182,1
DA:183,1
DA:184,1
DA:185,1
DA:186,1
DA:187,1
DA:188,1
DA:189,1
DA:190,1
DA:191,1
DA:192,1
DA:193,1
DA:194,1
DA:195,1
DA:196,1
DA:197,1
DA:198,1
DA:199,1
DA:200,1
DA:201,1
DA:202,1
DA:203,1
DA:204,1
DA:205,1
DA:206,1
DA:207,1
DA:208,1
DA:209,1
DA:210,1
DA:211,1
DA:212,1
DA:213,1
DA:214,1
DA:215,1
DA:216,1
DA:217,1
DA:218,1
DA:219,1
DA:220,1
DA:221,1
DA:222,1
DA:223,1
DA:224,1
DA:225,1
DA:226,1
DA:227,1
DA:228,1
DA:229,1
DA:230,1
DA:231,1
DA:232,1
DA:233,1
DA:234,1
DA:235,1
DA:236,1
DA:237,1
DA:238,1
DA:239,1
DA:240,1
DA:241,1
DA:242,1
DA:243,1
DA:244,1
DA:245,1
DA:246,1
DA:247,1
DA:248,1
DA:249,1
DA:250,1
DA:251,1
DA:252,1
DA:253,1
DA:254,1
DA:255,1
DA:256,1
DA:257,1
DA:258,1
DA:259,1
DA:260,1
DA:261,1
DA:262,1
DA:263,1
DA:264,1
DA:265,1
DA:266,1
DA:267,1
DA:268,1
DA:269,1
DA:270,1
DA:271,1
DA:272,1
DA:273,1
DA:274,1
DA:275,1
DA:276,1
DA:277,1
DA:278,1
DA:279,1
DA:280,1
DA:281,1
DA:282,1
DA:283,1
DA:284,1
DA:285,1
DA:286,1
DA:287,1
DA:288,1
DA:289,1
DA:290,1
DA:291,1
DA:292,1
DA:293,1
DA:294,1
DA:295,1
DA:296,1
DA:297,1
DA:298,1
DA:299,1
DA:300,1
DA:301,1
DA:302,1
DA:303,1
DA:304,1
DA:305,1
DA:306,1
DA:307,1
DA:308,1
DA:309,1
DA:310,1
DA:311,1
DA:312,1
DA:313,1
DA:314,1
DA:315,1
DA:316,1
DA:317,1
DA:318,1
DA:319,1
DA:320,1
DA:321,1
DA:322,1
DA:323,1
DA:324,1
DA:325,1
DA:326,1
DA:327,1
DA:328,1
DA:329,1
DA:330,1
DA:331,1
DA:332,1
DA:333,1
DA:334,1
DA:335,1
DA:336,1
DA:337,1
DA:338,1
DA:339,1
DA:340,1
DA:341,1
DA:342,1
DA:343,1
DA:344,1
DA:345,1
DA:346,1
DA:347,1
DA:348,1
DA:349,1
DA:350,1
DA:351,1
DA:352,1
DA:353,1
DA:354,1
DA:355,1
DA:356,1
DA:357,1
DA:358,1
DA:359,1
DA:360,1
DA:361,1
DA:362,1
DA:363,1
DA:364,1
DA:365,1
DA:366,1
DA:367,1
DA:368,1
DA:369,1
DA:370,1
DA:371,1
DA:372,1
DA:373,1
DA:374,1
DA:375,1
DA:376,1
DA:377,1
DA:378,1
DA:379,1
DA:380,1
DA:381,1
DA:382,1
DA:383,1
DA:384,1
DA:385,1
DA:386,1
DA:387,1
DA:388,1
DA:389,1
DA:390,1
DA:391,1
DA:392,1
DA:393,1
DA:394,1
DA:395,1
DA:396,1
DA:397,1
DA:398,1
DA:399,1
DA:400,1
DA:401,1
DA:402,1
DA:403,1
DA:404,1
DA:405,1
DA:406,1
DA:407,1
DA:408,1
DA:409,1
DA:410,1
DA:411,1
DA:412,1
DA:413,1
DA:414,1
DA:415,1
DA:416,1
DA:417,1
DA:418,1
DA:419,1
DA:420,1
DA:421,1
DA:422,1
DA:423,1
DA:424,1
DA:425,1
DA:426,1
DA:427,1
DA:428,1
DA:429,1
DA:430,1
DA:431,1
DA:432,1
DA:433,1
DA:434,1
DA:435,1
DA:436,1
DA:437,1
DA:438,1
DA:439,1
DA:440,1
DA:441,1
DA:442,1
DA:443,1
DA:444,1
DA:445,1
DA:446,1
DA:447,1
DA:448,1
DA:449,1
DA:450,1
DA:451,1
DA:452,1
DA:453,1
DA:454,1
DA:455,1
DA:456,1
DA:457,1
DA:458,1
DA:459,1
DA:460,1
DA:461,1
DA:462,1
DA:463,1
DA:464,1
DA:465,1
DA:466,1
DA:467,1
DA:468,1
DA:469,1
DA:470,1
DA:471,1
DA:472,1
DA:473,1
DA:474,1
DA:475,1
DA:476,1
DA:477,1
DA:478,1
DA:479,1
DA:480,1
DA:481,1
DA:482,1
DA:483,1
DA:484,1
DA:485,1
DA:486,1
DA:487,1
DA:488,1
DA:489,1
DA:490,1
DA:491,1
DA:492,1
DA:493,1
DA:494,1
DA:495,1
DA:496,1
DA:497,1
DA:498,1
DA:499,1
DA:500,1
DA:501,1
DA:502,1
DA:503,1
DA:504,1
DA:505,1
DA:506,1
DA:507,1
DA:508,1
DA:509,1
DA:510,1
DA:511,1
DA:512,1
DA:513,1
DA:514,1
DA:515,1
DA:516,1
DA:517,1
DA:518,1
DA:519,1
DA:520,1
DA:521,1
DA:522,1
DA:523,1
DA:524,1
DA:525,1
DA:526,1
DA:527,6591
DA:528,6591
DA:529,6591
DA:530,1
DA:531,488
DA:532,488
DA:533,488
DA:534,1
DA:535,335
DA:536,335
DA:537,335
DA:538,335
DA:539,0
DA:540,0
DA:541,335
DA:542,335
DA:543,1
DA:544,435
DA:545,435
DA:546,435
DA:547,1
DA:548,87
DA:549,87
DA:550,87
DA:551,87
DA:552,87
DA:553,87
DA:554,1
DA:555,87
DA:556,87
DA:557,87
DA:558,87
DA:559,87
DA:560,87
DA:561,1
DA:562,19
DA:563,19
DA:564,19
DA:565,1
DA:566,19
DA:567,19
DA:568,19
DA:569,19
DA:570,19
DA:571,19
DA:572,19
DA:573,19
DA:574,19
DA:575,19
DA:576,19
DA:577,19
DA:578,19
DA:579,1
DA:580,19
DA:581,19
DA:582,19
DA:583,1
DA:584,19
DA:585,19
DA:586,19
DA:587,1
DA:588,19
DA:589,19
DA:590,19
DA:591,19
DA:592,19
DA:593,19
DA:594,1
DA:595,19
DA:596,19
DA:597,19
DA:598,19
DA:599,3
DA:600,19
DA:601,19
DA:602,1
DA:603,19
DA:604,19
DA:605,19
DA:606,1
DA:607,19
DA:608,19
DA:609,19
DA:610,1
DA:611,19
DA:612,19
DA:613,19
DA:614,19
DA:615,19
DA:616,1
DA:617,19
DA:618,19
DA:619,19
DA:620,1
DA:621,1
DA:622,144
DA:623,144
DA:624,144
DA:625,1
DA:626,19
DA:627,19
DA:628,19
DA:629,19
DA:630,19
DA:631,19
DA:632,19
DA:633,19
DA:634,19
DA:635,19
DA:636,19
DA:637,19
DA:638,19
DA:639,19
DA:640,19
DA:641,19
DA:642,19
DA:643,19
DA:644,19
DA:645,19
DA:646,19
DA:647,19
DA:648,19
DA:649,19
DA:650,19
DA:651,19
DA:652,19
DA:653,19
DA:654,19
DA:655,19
DA:656,19
DA:657,19
DA:658,19
DA:659,19
DA:660,19
DA:661,19
DA:662,19
DA:663,1
DA:664,36
DA:665,36
DA:666,36
DA:667,36
DA:668,36
DA:669,36
DA:670,0
DA:671,0
DA:672,0
DA:673,36
DA:674,36
DA:675,36
DA:676,36
DA:677,36
DA:678,36
DA:679,36
DA:680,87
DA:681,87
DA:682,87
DA:683,87
DA:684,87
DA:685,87
DA:686,87
DA:687,87
DA:688,87
DA:689,87
DA:690,87
DA:691,87
DA:692,87
DA:693,87
DA:694,87
DA:695,1131
DA:696,1131
DA:697,1131
DA:698,1131
DA:699,16965
DA:700,16965
DA:701,1131
DA:702,1131
DA:703,261
DA:704,261
DA:705,261
DA:706,261
DA:707,261
DA:708,261
DA:709,261
DA:710,87
DA:711,87
DA:712,87
DA:713,87
DA:714,87
DA:715,87
DA:716,87
DA:717,87
DA:718,87
DA:719,87
DA:720,87
DA:721,87
DA:722,87
DA:723,87
DA:724,87
DA:725,87
DA:726,87
DA:727,87
DA:728,87
DA:729,87
DA:730,87
DA:731,87
DA:732,87
DA:733,87
DA:734,87
DA:735,87
DA:736,87
DA:737,87
DA:738,87
DA:739,87
DA:740,87
DA:741,87
DA:742,87
DA:743,87
DA:744,87
DA:745,87
DA:746,87
DA:747,87
DA:748,87
DA:749,5481
DA:750,5481
DA:751,5481
DA:752,5481
DA:753,5481
DA:754,5481
DA:755,87
DA:756,87
DA:757,87
DA:758,87
DA:759,87
DA:760,5481
DA:761,5481
DA:762,5481
DA:763,5481
DA:764,87
DA:765,87
DA:766,87
DA:767,87
DA:768,87
DA:769,87
DA:770,87
DA:771,87
DA:772,87
DA:773,87
DA:774,87
DA:775,87
DA:776,87
DA:777,87
DA:778,87
DA:779,87
DA:780,87
DA:781,87
DA:782,87
DA:783,87
DA:784,87
DA:785,87
DA:786,87
DA:787,87
DA:788,19
DA:789,19
DA:790,19
DA:791,0
DA:792,0
DA:793,0
DA:794,0
DA:795,0
DA:796,0
DA:797,17
DA:798,17
DA:799,17
DA:800,17
DA:801,17
DA:802,17
DA:803,17
DA:804,17
DA:805,17
DA:806,17
DA:807,17
DA:808,17
DA:809,17
DA:810,17
DA:811,17
DA:812,17
DA:813,17
DA:814,17
DA:815,17
DA:816,17
DA:817,17
DA:818,17
DA:819,17
DA:820,17
DA:821,17
DA:822,17
DA:823,17
DA:824,17
DA:825,99
DA:826,99
DA:827,99
DA:828,99
DA:829,99
DA:830,99
DA:831,16
DA:832,16
DA:833,16
DA:834,16
DA:835,16
DA:836,16
DA:837,96
DA:838,96
DA:839,96
DA:840,96
DA:841,96
DA:842,96
DA:843,96
DA:844,96
DA:845,96
DA:846,48
DA:847,48
DA:848,48
DA:849,48
DA:850,48
DA:851,48
DA:852,48
DA:853,48
DA:854,48
DA:855,48
DA:856,16
DA:857,16
DA:858,16
DA:859,16
DA:860,16
DA:861,16
DA:862,16
DA:863,16
DA:864,48
DA:865,48
DA:866,48
DA:867,48
DA:868,48
DA:869,48
DA:870,32
DA:871,32
DA:872,32
DA:873,32
DA:874,48
DA:875,48
DA:876,48
DA:877,1
DA:878,1
DA:879,1
DA:880,17
DA:881,17
DA:882,17
DA:883,17
DA:884,17
DA:885,17
DA:886,17
DA:887,17
DA:888,17
DA:889,17
DA:890,17
DA:891,17
DA:892,17
DA:893,17
DA:894,17
DA:895,17
DA:896,17
DA:897,17
DA:898,17
DA:899,17
DA:900,17
DA:901,17
DA:902,17
DA:903,17
DA:904,17
DA:905,51
DA:906,51
DA:907,51
DA:908,51
DA:909,51
DA:910,17
DA:911,17
DA:912,17
DA:913,16
DA:914,16
DA:915,48
DA:916,48
DA:917,48
DA:918,48
DA:919,48
DA:920,48
DA:921,48
DA:922,16
DA:923,16
DA:924,16
DA:925,16
DA:926,16
DA:927,16
DA:928,16
DA:929,1
DA:930,1
DA:931,17
DA:932,1
DA:933,1
DA:934,1
DA:935,1
DA:936,87
DA:937,87
DA:938,87
DA:939,87
DA:940,87
DA:941,87
DA:942,87
DA:943,87
DA:944,87
DA:945,87
DA:946,87
DA:947,87
DA:948,87
DA:949,87
DA:950,87
DA:951,87
DA:952,87
DA:953,87
DA:954,87
DA:955,87
DA:956,87
DA:957,87
DA:958,87
DA:959,87
DA:960,87
DA:961,87
DA:962,1
DA:963,19
DA:964,19
DA:965,19
DA:966,19
DA:967,19
DA:968,19
DA:969,19
DA:970,19
DA:971,19
DA:972,19
DA:973,19
DA:974,19
DA:975,19
DA:976,19
DA:977,19
DA:978,19
DA:979,19
DA:980,19
DA:981,19
DA:982,19
DA:983,19
DA:984,19
DA:985,19
DA:986,19
DA:987,19
DA:988,19
DA:989,1
LF:989
LH:978
BRDA:1,0,0,1
BRDA:6,1,0,1
BRDA:24,2,0,1
BRDA:31,3,0,1
BRDA:40,4,0,1
BRDA:48,5,0,1
BRDA:55,6,0,1
BRDA:65,7,0,1
BRDA:66,8,0,19
BRDA:156,9,0,1088
BRDA:158,10,0,0
BRDA:160,11,0,17
BRDA:165,12,0,1071
BRDA:160,13,0,1071
BRDA:527,14,0,6591
BRDA:531,15,0,488
BRDA:535,16,0,335
BRDA:538,17,0,0
BRDA:544,18,0,435
BRDA:548,19,0,87
BRDA:555,20,0,87
BRDA:562,21,0,19
BRDA:566,22,0,19
BRDA:580,23,0,19
BRDA:584,24,0,19
BRDA:588,25,0,19
BRDA:595,26,0,19
BRDA:598,27,0,3
BRDA:603,28,0,19
BRDA:607,29,0,19
BRDA:611,30,0,19
BRDA:617,31,0,19
BRDA:622,32,0,144
BRDA:626,33,0,19
BRDA:628,34,0,0
BRDA:630,35,0,0
BRDA:632,36,0,0
BRDA:634,37,0,0
BRDA:636,38,0,0
BRDA:638,39,0,0
BRDA:640,40,0,0
BRDA:642,41,0,0
BRDA:644,42,0,0
BRDA:645,43,0,0
BRDA:646,44,0,0
BRDA:647,45,0,0
BRDA:648,46,0,0
BRDA:650,47,0,0
BRDA:652,48,0,0
BRDA:654,49,0,0
BRDA:656,50,0,0
BRDA:658,51,0,0
BRDA:660,52,0,0
BRDA:664,53,0,36
BRDA:669,54,0,0
BRDA:680,55,0,87
BRDA:683,56,0,87
BRDA:686,57,0,87
BRDA:689,58,0,87
BRDA:692,59,0,87
BRDA:695,60,0,1131
BRDA:698,61,0,16965
BRDA:703,62,0,261
BRDA:706,63,0,1131
BRDA:710,64,0,87
BRDA:713,65,0,522
BRDA:716,66,0,87
BRDA:719,67,0,174
BRDA:722,68,0,87
BRDA:725,69,0,435
BRDA:728,70,0,87
BRDA:731,71,0,68
BRDA:734,72,0,87
BRDA:737,73,0,87
BRDA:740,74,0,87
BRDA:743,75,0,87
BRDA:746,76,0,87
BRDA:749,77,0,5481
BRDA:752,78,0,27405
BRDA:755,79,0,87
BRDA:759,80,0,5481
BRDA:767,81,0,87
BRDA:772,82,0,87
BRDA:775,83,0,87
BRDA:778,84,0,87
BRDA:781,85,0,87
BRDA:785,86,0,87
BRDA:788,87,0,19
BRDA:797,88,0,17
BRDA:801,89,0,17
BRDA:804,90,0,0
BRDA:806,91,0,0
BRDA:809,92,0,17
BRDA:812,93,0,17
BRDA:815,94,0,17
BRDA:822,95,0,16
BRDA:825,96,0,99
BRDA:828,97,0,0
BRDA:831,98,0,16
BRDA:837,99,0,96
BRDA:841,100,0,0
BRDA:843,101,0,3
BRDA:846,102,0,48
BRDA:851,103,0,0
BRDA:853,104,0,31
BRDA:856,105,0,16
BRDA:861,106,0,0
BRDA:864,107,0,48
BRDA:870,108,0,32
BRDA:874,109,0,48
BRDA:880,110,0,17
BRDA:904,111,0,51
BRDA:912,112,0,16
BRDA:914,113,0,48
BRDA:929,114,0,1
BRDA:936,115,0,87
BRDA:963,116,0,19
BRDA:983,117,0,0
BRDA:984,118,0,2
BRDA:985,119,0,17
BRF:120
BRH:91
end_of_record
TN:
SF:src/index.ts
FN:71,assertFiniteNumber
FN:86,formatTime
FN:111,adjustForCustomAngle
FN:169,getSpa
FN:320,calcSpa
FNF:5
FNH:5
FNDA:142,assertFiniteNumber
FNDA:26,formatTime
FNDA:6,adjustForCustomAngle
FNDA:40,getSpa
FNDA:4,calcSpa
DA:1,1
DA:2,1
DA:3,1
DA:4,1
DA:5,1
DA:6,1
DA:7,1
DA:8,1
DA:9,1
DA:10,1
DA:11,1
DA:12,1
DA:13,1
DA:14,1
DA:15,1
DA:16,1
DA:17,1
DA:18,1
DA:19,1
DA:20,1
DA:21,1
DA:22,1
DA:23,1
DA:24,1
DA:25,1
DA:26,1
DA:27,1
DA:28,1
DA:29,1
DA:30,1
DA:31,1
DA:32,1
DA:33,1
DA:34,1
DA:35,1
DA:36,1
DA:37,1
DA:38,1
DA:39,1
DA:40,1
DA:41,1
DA:42,1
DA:43,1
DA:44,1
DA:45,1
DA:46,1
DA:47,1
DA:48,1
DA:49,1
DA:50,1
DA:51,1
DA:52,1
DA:53,1
DA:54,1
DA:55,1
DA:56,1
DA:57,1
DA:58,1
DA:59,1
DA:60,1
DA:61,1
DA:62,1
DA:63,1
DA:64,1
DA:65,1
DA:66,1
DA:67,1
DA:68,1
DA:69,1
DA:70,1
DA:71,142
DA:72,142
DA:73,8
DA:74,8
DA:75,8
DA:76,8
DA:77,142
DA:78,1
DA:79,1
DA:80,1
DA:81,1
DA:82,1
DA:83,1
DA:84,1
DA:85,1
DA:86,1
DA:87,26
DA:88,20
DA:89,20
DA:90,20
DA:91,20
DA:92,20
DA:93,20
DA:94,20
DA:95,20
DA:96,20
DA:97,20
DA:98,20
DA:99,20
DA:100,1
DA:101,1
DA:102,1
DA:103,1
DA:104,1
DA:105,1
DA:106,1
DA:107,1
DA:108,1
DA:109,1
DA:110,1
DA:111,6
DA:112,6
DA:113,6
DA:114,6
DA:115,6
DA:116,6
DA:117,6
DA:118,6
DA:119,6
DA:120,6
DA:121,0
DA:122,0
DA:123,6
DA:124,6
DA:125,6
DA:126,6
DA:127,6
DA:128,6
DA:129,6
DA:130,1
DA:131,1
DA:132,1
DA:133,1
DA:134,1
DA:135,1
DA:136,1
DA:137,1
DA:138,1
DA:139,1
DA:140,1
DA:141,1
DA:142,1
DA:143,1
DA:144,1
DA:145,1
DA:146,1
DA:147,1
DA:148,1
DA:149,1
DA:150,1
DA:151,1
DA:152,1
DA:153,1
DA:154,1
DA:155,1
DA:156,1
DA:157,1
DA:158,1
DA:159,1
DA:160,1
DA:161,1
DA:162,1
DA:163,1
DA:164,1
DA:165,1
DA:166,1
DA:167,1
DA:168,1
DA:169,1
DA:170,40
DA:171,40
DA:172,40
DA:173,40
DA:174,40
DA:175,40
DA:176,40
DA:177,40
DA:178,1
DA:179,1
DA:180,39
DA:181,39
DA:182,39
DA:183,40
DA:184,2
DA:185,2
DA:186,40
DA:187,2
DA:188,2
DA:189,30
DA:190,40
DA:191,40
DA:192,40
DA:193,2
DA:194,2
DA:195,27
DA:196,40
DA:197,40
DA:198,40
DA:199,40
DA:200,40
DA:201,40
DA:202,40
DA:203,40
DA:204,40
DA:205,40
DA:206,40
DA:207,40
DA:208,178
DA:209,37
DA:210,37
DA:211,178
DA:212,25
DA:213,40
DA:214,40
DA:215,1
DA:216,1
DA:217,1
DA:218,1
DA:219,24
DA:220,24
DA:221,40
DA:222,7
DA:223,12
DA:224,12
DA:225,1
DA:226,1
DA:227,1
DA:228,1
DA:229,12
DA:230,2
DA:231,2
DA:232,12
DA:233,4
DA:234,21
DA:235,21
DA:236,40
DA:237,2
DA:238,2
DA:239,2
DA:240,2
DA:241,19
DA:242,19
DA:243,19
DA:244,19
DA:245,19
DA:246,19
DA:247,19
DA:248,19
DA:249,19
DA:250,19
DA:251,19
DA:252,19
DA:253,40
DA:254,40
DA:255,40
DA:256,40
DA:257,40
DA:258,40
DA:259,40
DA:260,40
DA:261,40
DA:262,40
DA:263,40
DA:264,40
DA:265,0
DA:266,0
DA:267,19
DA:268,19
DA:269,19
DA:270,19
DA:271,40
DA:272,40
DA:273,40
DA:274,40
DA:275,40
DA:276,40
DA:277,40
DA:278,40
DA:279,40
DA:280,40
DA:281,2
DA:282,2
DA:283,2
DA:284,2
DA:285,2
DA:286,2
DA:287,17
DA:288,17
DA:289,17
DA:290,1
DA:291,1
DA:292,1
DA:293,1
DA:294,1
DA:295,1
DA:296,1
DA:297,1
DA:298,1
DA:299,1
DA:300,1
DA:301,1
DA:302,1
DA:303,1
DA:304,1
DA:305,1
DA:306,1
DA:307,1
DA:308,1
DA:309,1
DA:310,1
DA:311,1
DA:312,1
DA:313,1
DA:314,1
DA:315,1
DA:316,1
DA:317,1
DA:318,1
DA:319,1
DA:320,1
DA:321,4
DA:322,4
DA:323,4
DA:324,4
DA:325,4
DA:326,4
DA:327,4
DA:328,4
DA:329,1
DA:330,1
DA:331,1
DA:332,1
DA:333,1
DA:334,1
DA:335,1
DA:336,1
DA:337,1
DA:338,1
DA:339,1
DA:340,1
DA:341,1
DA:342,1
DA:343,1
DA:344,1
DA:345,3
DA:346,3
DA:347,3
DA:348,1
DA:349,1
DA:350,1
DA:351,3
DA:352,3
DA:353,3
DA:354,3
DA:355,3
DA:356,3
DA:357,3
DA:358,3
DA:359,3
DA:360,3
LF:360
LH:356
BRDA:31,0,0,0
BRDA:71,1,0,142
BRDA:72,2,0,141
BRDA:72,3,0,8
BRDA:74,4,0,7
BRDA:74,5,0,1
BRDA:86,6,0,26
BRDA:87,7,0,21
BRDA:87,8,0,6
BRDA:87,9,0,20
BRDA:111,10,0,6
BRDA:120,11,0,0
BRDA:169,12,0,40
BRDA:177,13,0,1
BRDA:179,14,0,39
BRDA:183,15,0,33
BRDA:183,16,0,2
BRDA:185,17,0,32
BRDA:186,18,0,31
BRDA:186,19,0,2
BRDA:188,20,0,30
BRDA:190,21,0,2
BRDA:192,22,0,28
BRDA:192,23,0,2
BRDA:194,24,0,27
BRDA:196,25,0,5
BRDA:207,26,0,178
BRDA:208,27,0,37
BRDA:211,28,0,25
BRDA:213,29,0,20
BRDA:214,30,0,22
BRDA:214,31,0,21
BRDA:214,32,0,1
BRDA:214,33,0,1
BRDA:218,34,0,24
BRDA:221,35,0,8
BRDA:221,36,0,7
BRDA:222,37,0,12
BRDA:224,38,0,1
BRDA:226,39,0,0
BRDA:228,40,0,11
BRDA:229,41,0,10
BRDA:229,42,0,2
BRDA:232,43,0,4
BRDA:233,44,0,21
BRDA:236,45,0,5
BRDA:236,46,0,4
BRDA:236,47,0,2
BRDA:236,48,0,2
BRDA:240,49,0,19
BRDA:253,50,0,6
BRDA:254,51,0,8
BRDA:255,52,0,8
BRDA:256,53,0,19
BRDA:257,54,0,19
BRDA:258,55,0,19
BRDA:259,56,0,19
BRDA:260,57,0,19
BRDA:264,58,0,0
BRDA:266,59,0,19
BRDA:271,60,0,2
BRDA:275,61,0,17
BRDA:275,62,0,2
BRDA:276,63,0,17
BRDA:276,64,0,2
BRDA:277,65,0,17
BRDA:277,66,0,2
BRDA:280,67,0,3
BRDA:280,68,0,2
BRDA:286,69,0,17
BRDA:281,70,0,6
BRDA:320,71,0,4
BRDA:328,72,0,2
BRDA:328,73,0,1
BRDA:350,74,0,3
BRDA:344,75,0,3
BRF:76
BRH:72
end_of_record
TN:
SF:src/types.ts
FNF:0
FNH:0
DA:1,1
DA:2,1
DA:3,1
DA:4,1
DA:5,1
DA:6,1
DA:7,1
DA:8,1
DA:9,1
DA:10,1
DA:11,1
DA:12,1
DA:13,1
DA:14,1
DA:15,1
DA:16,1
DA:17,1
DA:18,1
DA:19,1
DA:20,1
DA:21,1
DA:22,1
DA:23,1
DA:24,1
DA:25,1
DA:26,1
DA:27,1
DA:28,1
DA:29,1
DA:30,1
DA:31,1
DA:32,1
DA:33,1
DA:34,1
DA:35,1
DA:36,1
DA:37,1
DA:38,1
DA:39,1
DA:40,1
DA:41,1
DA:42,1
DA:43,1
DA:44,1
DA:45,1
DA:46,1
DA:47,1
DA:48,1
DA:49,1
DA:50,1
DA:51,1
DA:52,1
DA:53,1
DA:54,1
DA:55,1
DA:56,1
DA:57,1
DA:58,1
DA:59,1
DA:60,1
DA:61,1
DA:62,1
DA:63,1
DA:64,1
DA:65,1
DA:66,1
DA:67,1
DA:68,1
DA:69,1
DA:70,1
DA:71,1
DA:72,1
DA:73,1
DA:74,1
DA:75,1
DA:76,1
DA:77,1
DA:78,1
DA:79,1
DA:80,1
DA:81,1
DA:82,1
DA:83,1
DA:84,1
DA:85,1
DA:86,1
DA:87,1
DA:88,1
DA:89,1
DA:90,1
DA:91,1
DA:92,1
DA:93,1
DA:94,1
DA:95,1
DA:96,1
DA:97,1
DA:98,1
DA:99,1
DA:100,1
LF:100
LH:100
BRF:0
BRH:0
end_of_record
